{
  "stats": {
    "suites": 19,
    "tests": 49,
    "passes": 49,
    "pending": 0,
    "failures": 0,
    "start": "2020-10-07T17:38:23.341Z",
    "end": "2020-10-07T17:40:36.333Z",
    "duration": 76896,
    "testsRegistered": 49,
    "passPercent": 100,
    "pendingPercent": 0,
    "other": 0,
    "hasOther": false,
    "skipped": 0,
    "hasSkipped": false
  },
  "results": [
    {
      "uuid": "01838552-43cf-4fed-bc99-dfd2d94874dc",
      "title": "",
      "fullFile": "cypress\\integration\\automation-test-store\\alias-invoke.js",
      "file": "cypress\\integration\\automation-test-store\\alias-invoke.js",
      "beforeHooks": [],
      "afterHooks": [],
      "tests": [],
      "suites": [
        {
          "uuid": "0acea5ae-b49f-4556-8fca-c8e9a877a00f",
          "title": "Alias and invoke",
          "fullFile": "",
          "file": "",
          "beforeHooks": [],
          "afterHooks": [],
          "tests": [
            {
              "title": "Validate a specific Hair Care product",
              "fullTitle": "Alias and invoke Validate a specific Hair Care product",
              "timedOut": null,
              "duration": 2303,
              "state": "passed",
              "speed": "slow",
              "pass": true,
              "fail": false,
              "pending": false,
              "context": null,
              "code": "cy.visit(\"https://automationteststore.com/\");\ncy.get(\"a[href*='product/category&path=']\").contains(\"Hair Care\").click();\ncy.get('.fixed_wrapper .prdocutname').eq(0).invoke('text').as('productThumbnail');\ncy.get('@productThumbnail').its('length').should('be.greaterThan', 5);\ncy.get('@productThumbnail').should('include', 'Seaweed Conditioner');\ncy.get('@productThumbnail').then(function ($info) {\n  cy.log($info);\n  expect($info).to.eq('Seaweed Conditioner');\n});",
              "err": {},
              "uuid": "ec7c945f-2bc5-4fa6-85d9-23514225dd21",
              "parentUUID": "0acea5ae-b49f-4556-8fca-c8e9a877a00f",
              "isHook": false,
              "skipped": false
            },
            {
              "title": "Validate product thumbnail",
              "fullTitle": "Alias and invoke Validate product thumbnail",
              "timedOut": null,
              "duration": 458,
              "state": "passed",
              "speed": "slow",
              "pass": true,
              "fail": false,
              "pending": false,
              "context": null,
              "code": "cy.visit(\"https://automationteststore.com/\");\ncy.get('.thumbnail').as('productThumbnail');\ncy.get('@productThumbnail').should('have.length', 16);\ncy.get('@productThumbnail').find('.productcart').invoke('attr', 'title').should('include', 'Add to Cart');\ncy.get('@productThumbnail').find('.productcart').its('length').should('eq', 15);",
              "err": {},
              "uuid": "90121e48-41e5-42a4-8fce-4693e6370c2b",
              "parentUUID": "0acea5ae-b49f-4556-8fca-c8e9a877a00f",
              "isHook": false,
              "skipped": false
            },
            {
              "title": "Calcualte total of normal and sale products",
              "fullTitle": "Alias and invoke Calcualte total of normal and sale products",
              "timedOut": null,
              "duration": 388,
              "state": "passed",
              "speed": "slow",
              "pass": true,
              "fail": false,
              "pending": false,
              "context": null,
              "code": "cy.visit(\"https://automationteststore.com/\");\ncy.get('.thumbnail').as('productThumbnail'); // cy.get('@productThumbnail').find('.oneprice').each(($el, index, $list) => {\n// cy.log($el.text())\n// })\ncy.get('.thumbnail').find('.oneprice').invoke('text').as('itemPrice');\ncy.get('.thumbnail').find('.pricenew').invoke('text').as('saleItemPrice');\nvar itemsTotal = 0;\ncy.get('@itemPrice').then(function ($linkText) {\n  var itemsPriceTotal = 0;\n  var itemPrice = $linkText.split('$');\n  var i;\n  for (i = 0; i < itemPrice.length; i++) {\n    cy.log(itemPrice[i]);\n    itemsPriceTotal += Number(itemPrice[i]);\n  }\n  itemsTotal += itemsPriceTotal;\n  cy.log(\"Non sale price items total: \" + itemsPriceTotal);\n});\ncy.get('@saleItemPrice').then(function ($linkText) {\n  var saleItemsPrice = 0;\n  var saleItemPrice = $linkText.split('$');\n  var i;\n  for (i = 0; i < saleItemPrice.length; i++) {\n    cy.log(saleItemPrice[i]);\n    saleItemsPrice += Number(saleItemPrice[i]);\n  }\n  itemsTotal += saleItemsPrice;\n  cy.log(\"Sale price items total: \" + saleItemsPrice);\n}).then(function () {\n  cy.log('The total price of all products: ' + itemsTotal);\n  expect(itemsTotal).to.eq(572.45);\n});",
              "err": {},
              "uuid": "dacee621-63fc-459b-aed4-4e5abf07ad68",
              "parentUUID": "0acea5ae-b49f-4556-8fca-c8e9a877a00f",
              "isHook": false,
              "skipped": false
            }
          ],
          "suites": [],
          "passes": [
            "ec7c945f-2bc5-4fa6-85d9-23514225dd21",
            "90121e48-41e5-42a4-8fce-4693e6370c2b",
            "dacee621-63fc-459b-aed4-4e5abf07ad68"
          ],
          "failures": [],
          "pending": [],
          "skipped": [],
          "duration": 3149,
          "root": false,
          "rootEmpty": false,
          "_timeout": 2000
        }
      ],
      "passes": [],
      "failures": [],
      "pending": [],
      "skipped": [],
      "duration": 0,
      "root": true,
      "rootEmpty": true,
      "_timeout": 2000
    },
    {
      "uuid": "524bbc37-a05a-4b0e-8199-a9e4697674ca",
      "title": "",
      "fullFile": "cypress\\integration\\automation-test-store\\contact-us.js",
      "file": "cypress\\integration\\automation-test-store\\contact-us.js",
      "beforeHooks": [],
      "afterHooks": [],
      "tests": [],
      "suites": [
        {
          "uuid": "bf59bbc3-c129-4540-bfb6-09f21df20828",
          "title": "Test Contact Us form via https://automationteststore.com/",
          "fullFile": "",
          "file": "",
          "beforeHooks": [],
          "afterHooks": [],
          "tests": [
            {
              "title": "Should be able to submit a successful subbmission via contact us form",
              "fullTitle": "Test Contact Us form via https://automationteststore.com/ Should be able to submit a successful subbmission via contact us form",
              "timedOut": null,
              "duration": 3653,
              "state": "passed",
              "speed": "slow",
              "pass": true,
              "fail": false,
              "pending": false,
              "context": null,
              "code": "cy.visit(\"https://automationteststore.com/\");\ncy.get('a[href$=\"contact\"]').click().then(function (tabNameText) {\n  cy.log(\"Tab name is: \" + tabNameText.text());\n}); //cy.xpath(\"//a[contains(@href, 'contact')]\").click()\ncy.get(\"@user\").then(function (user) {\n  cy.get('#ContactUsFrm_first_name').type(user.first_name);\n  cy.get('#ContactUsFrm_email').type(user.email);\n});\ncy.get('#ContactUsFrm_email').should('have.attr', 'name', 'email');\ncy.get('#ContactUsFrm_enquiry').type(\"Jazda, jazda biała gwiazda\");\ncy.get('button[title=\"Submit\"]').click();\ncy.contains('Your enquiry has been successfully sent to the store owner!').should('have.text', 'Your enquiry has been successfully sent to the store owner!');\ncy.log(\"Test has completed!\");",
              "err": {},
              "uuid": "b491eaaf-7b1a-4b74-b057-8e898be5d890",
              "parentUUID": "bf59bbc3-c129-4540-bfb6-09f21df20828",
              "isHook": false,
              "skipped": false
            }
          ],
          "suites": [],
          "passes": [
            "b491eaaf-7b1a-4b74-b057-8e898be5d890"
          ],
          "failures": [],
          "pending": [],
          "skipped": [],
          "duration": 3653,
          "root": false,
          "rootEmpty": false,
          "_timeout": 2000
        }
      ],
      "passes": [],
      "failures": [],
      "pending": [],
      "skipped": [],
      "duration": 0,
      "root": true,
      "rootEmpty": true,
      "_timeout": 2000
    },
    {
      "uuid": "c4198196-c534-4bc0-a360-b0836c8bef9b",
      "title": "",
      "fullFile": "cypress\\integration\\automation-test-store\\inspect-item.js",
      "file": "cypress\\integration\\automation-test-store\\inspect-item.js",
      "beforeHooks": [],
      "afterHooks": [],
      "tests": [],
      "suites": [
        {
          "uuid": "15f1ad6c-a150-4348-b811-718641e39f0f",
          "title": "Inspect Automation Test Store   items using chain of commands",
          "fullFile": "",
          "file": "",
          "beforeHooks": [],
          "afterHooks": [],
          "tests": [
            {
              "title": "Click on the first item using item text",
              "fullTitle": "Inspect Automation Test Store   items using chain of commands Click on the first item using item text",
              "timedOut": null,
              "duration": 2166,
              "state": "passed",
              "speed": "slow",
              "pass": true,
              "fail": false,
              "pending": false,
              "context": null,
              "code": "cy.visit(\"https://automationteststore.com/\");\ncy.get('.prdocutname').contains('Skinsheen Bronzer Stick').click().then(function (itemHeaderText) {\n  console.log(\"Selected the following item: \" + itemHeaderText.text());\n});",
              "err": {},
              "uuid": "1b0c6365-fce5-427d-9f2d-8034ce65dbc8",
              "parentUUID": "15f1ad6c-a150-4348-b811-718641e39f0f",
              "isHook": false,
              "skipped": false
            }
          ],
          "suites": [],
          "passes": [
            "1b0c6365-fce5-427d-9f2d-8034ce65dbc8"
          ],
          "failures": [],
          "pending": [],
          "skipped": [],
          "duration": 2166,
          "root": false,
          "rootEmpty": false,
          "_timeout": 2000
        }
      ],
      "passes": [],
      "failures": [],
      "pending": [],
      "skipped": [],
      "duration": 0,
      "root": true,
      "rootEmpty": true,
      "_timeout": 2000
    },
    {
      "uuid": "ba966d3e-1dc3-4d44-8e14-8a055658a1f2",
      "title": "",
      "fullFile": "cypress\\integration\\automation-test-store\\iterate-over-elements.js",
      "file": "cypress\\integration\\automation-test-store\\iterate-over-elements.js",
      "beforeHooks": [],
      "afterHooks": [],
      "tests": [],
      "suites": [
        {
          "uuid": "a3ebbdd2-01da-448f-8b5a-3b1832f09c72",
          "title": "Iterate over elements.",
          "fullFile": "",
          "file": "",
          "beforeHooks": [],
          "afterHooks": [],
          "tests": [
            {
              "title": "Log information of all hair care products",
              "fullTitle": "Iterate over elements. Log information of all hair care products",
              "timedOut": null,
              "duration": 1897,
              "state": "passed",
              "speed": "slow",
              "pass": true,
              "fail": false,
              "pending": false,
              "context": null,
              "code": "cy.get('.fixed_wrapper .prdocutname').each(function ($el, index, $list) {\n  cy.log(\"Index: \" + index + \" : \" + $el.text());\n});",
              "err": {},
              "uuid": "9a162e66-426e-4a60-8afd-881f0859ae1b",
              "parentUUID": "a3ebbdd2-01da-448f-8b5a-3b1832f09c72",
              "isHook": false,
              "skipped": false
            },
            {
              "title": "Add specifit product to basket",
              "fullTitle": "Iterate over elements. Add specifit product to basket",
              "timedOut": null,
              "duration": 833,
              "state": "passed",
              "speed": "slow",
              "pass": true,
              "fail": false,
              "pending": false,
              "context": null,
              "code": "cy.selectProduct('Curls to straight Shampoo');",
              "err": {},
              "uuid": "ab88e52a-2b0e-4a9f-b43e-c91b39cc9214",
              "parentUUID": "a3ebbdd2-01da-448f-8b5a-3b1832f09c72",
              "isHook": false,
              "skipped": false
            },
            {
              "title": "Add another specifit product to basket",
              "fullTitle": "Iterate over elements. Add another specifit product to basket",
              "timedOut": null,
              "duration": 1413,
              "state": "passed",
              "speed": "slow",
              "pass": true,
              "fail": false,
              "pending": false,
              "context": null,
              "code": "cy.selectProduct('Seaweed Conditioner');",
              "err": {},
              "uuid": "8ca8a2de-b38d-4f7f-bbc0-c7c855df941a",
              "parentUUID": "a3ebbdd2-01da-448f-8b5a-3b1832f09c72",
              "isHook": false,
              "skipped": false
            },
            {
              "title": "Add another specifit product to basket example 2",
              "fullTitle": "Iterate over elements. Add another specifit product to basket example 2",
              "timedOut": null,
              "duration": 1307,
              "state": "passed",
              "speed": "slow",
              "pass": true,
              "fail": false,
              "pending": false,
              "context": null,
              "code": "cy.selectProduct('Eau Parfumee au The Vert Shampoo');",
              "err": {},
              "uuid": "ec59556c-3048-41a0-8685-48b94cd643b2",
              "parentUUID": "a3ebbdd2-01da-448f-8b5a-3b1832f09c72",
              "isHook": false,
              "skipped": false
            }
          ],
          "suites": [],
          "passes": [
            "9a162e66-426e-4a60-8afd-881f0859ae1b",
            "ab88e52a-2b0e-4a9f-b43e-c91b39cc9214",
            "8ca8a2de-b38d-4f7f-bbc0-c7c855df941a",
            "ec59556c-3048-41a0-8685-48b94cd643b2"
          ],
          "failures": [],
          "pending": [],
          "skipped": [],
          "duration": 5450,
          "root": false,
          "rootEmpty": false,
          "_timeout": 2000
        }
      ],
      "passes": [],
      "failures": [],
      "pending": [],
      "skipped": [],
      "duration": 0,
      "root": true,
      "rootEmpty": true,
      "_timeout": 2000
    },
    {
      "uuid": "857e7bc1-d18f-459f-8c4b-8f96c90489d4",
      "title": "",
      "fullFile": "cypress\\integration\\automation-test-store\\variables-and-cy-commands.js",
      "file": "cypress\\integration\\automation-test-store\\variables-and-cy-commands.js",
      "beforeHooks": [],
      "afterHooks": [],
      "tests": [],
      "suites": [
        {
          "uuid": "fb7dc976-c90b-4851-8bdb-26fa7527ccc7",
          "title": "Verifying variables, cypress comand and JQuesry commands.",
          "fullFile": "",
          "file": "",
          "beforeHooks": [],
          "afterHooks": [],
          "tests": [
            {
              "title": "Validate properties of the Contact Us Page.",
              "fullTitle": "Verifying variables, cypress comand and JQuesry commands. Validate properties of the Contact Us Page.",
              "timedOut": null,
              "duration": 1574,
              "state": "passed",
              "speed": "slow",
              "pass": true,
              "fail": false,
              "pending": false,
              "context": null,
              "code": "cy.visit(\"https://automationteststore.com/index.php?rt=content/contact\"); //Uses cypress command and chaining\ncy.contains('#ContactUsFrm', 'Contact Us Form').find('#field_11').should('contain', 'First name'); //JQuery Approach\ncy.contains('#ContactUsFrm', 'Contact Us Form').then(function (text) {\n  var firstNameText = text.find('#field_11').text();\n  expect(firstNameText).to.contain('First name'); //Embedded command (Closure)\n  cy.get('#field_11').then(function (fnText) {\n    cy.log(fnText.text());\n  });\n});",
              "err": {},
              "uuid": "2922db6a-485e-47cf-8e4d-48c074376b2c",
              "parentUUID": "fb7dc976-c90b-4851-8bdb-26fa7527ccc7",
              "isHook": false,
              "skipped": false
            }
          ],
          "suites": [],
          "passes": [
            "2922db6a-485e-47cf-8e4d-48c074376b2c"
          ],
          "failures": [],
          "pending": [],
          "skipped": [],
          "duration": 1574,
          "root": false,
          "rootEmpty": false,
          "_timeout": 2000
        }
      ],
      "passes": [],
      "failures": [],
      "pending": [],
      "skipped": [],
      "duration": 0,
      "root": true,
      "rootEmpty": true,
      "_timeout": 2000
    },
    {
      "uuid": "c58b1132-ac54-453b-9f53-1edca5a46f1b",
      "title": "",
      "fullFile": "cypress\\integration\\webdriver-uni\\autocomplete-dropdown-list.js",
      "file": "cypress\\integration\\webdriver-uni\\autocomplete-dropdown-list.js",
      "beforeHooks": [],
      "afterHooks": [],
      "tests": [],
      "suites": [
        {
          "uuid": "a8ff8a61-088d-427f-b664-5f74fb7fd2c5",
          "title": "Verify Autocoplete dropdown lists via webdriveruni",
          "fullFile": "",
          "file": "",
          "beforeHooks": [],
          "afterHooks": [],
          "tests": [
            {
              "title": "Select specific product via autocomplete list",
              "fullTitle": "Verify Autocoplete dropdown lists via webdriveruni Select specific product via autocomplete list",
              "timedOut": null,
              "duration": 2608,
              "state": "passed",
              "speed": "slow",
              "pass": true,
              "fail": false,
              "pending": false,
              "context": null,
              "code": "cy.visit(\"http://webdriveruniversity.com/\");\ncy.get('#autocomplete-textfield').invoke('removeAttr', 'target').click();\ncy.get('#myInput').type('A');\ncy.get('#myInputautocomplete-list > *').each(function ($el, index, $list) {\n  var prod = $el.text();\n  var productToSelect = 'Avacado';\n  if (prod === productToSelect) {\n    $el.click();\n    cy.get('#submit-button').click();\n    cy.url().should('include', productToSelect);\n  }\n}).then(function () {\n  cy.get('#myInput').type('G');\n  cy.get('#myInputautocomplete-list > *').each(function ($el, index, $list) {\n    var prod = $el.text();\n    var productToSelect = 'Garlic';\n    if (prod === productToSelect) {\n      $el.click();\n      cy.get('#submit-button').click();\n      cy.url().should('include', productToSelect);\n    }\n  });\n});",
              "err": {},
              "uuid": "0e13f610-b474-45eb-b48a-60b91d7411a7",
              "parentUUID": "a8ff8a61-088d-427f-b664-5f74fb7fd2c5",
              "isHook": false,
              "skipped": false
            }
          ],
          "suites": [],
          "passes": [
            "0e13f610-b474-45eb-b48a-60b91d7411a7"
          ],
          "failures": [],
          "pending": [],
          "skipped": [],
          "duration": 2608,
          "root": false,
          "rootEmpty": false,
          "_timeout": 2000
        }
      ],
      "passes": [],
      "failures": [],
      "pending": [],
      "skipped": [],
      "duration": 0,
      "root": true,
      "rootEmpty": true,
      "_timeout": 2000
    },
    {
      "uuid": "1b786156-c336-4a1d-af66-e8461f333aea",
      "title": "",
      "fullFile": "cypress\\integration\\webdriver-uni\\browser-navigation.js",
      "file": "cypress\\integration\\webdriver-uni\\browser-navigation.js",
      "beforeHooks": [],
      "afterHooks": [],
      "tests": [],
      "suites": [
        {
          "uuid": "57685918-ea24-4db5-9189-e0a1d5d00df1",
          "title": "Validate webdriveruni home page links",
          "fullFile": "",
          "file": "",
          "beforeHooks": [],
          "afterHooks": [],
          "tests": [
            {
              "title": "Confirm links redirect to te correct pages",
              "fullTitle": "Validate webdriveruni home page links Confirm links redirect to te correct pages",
              "timedOut": null,
              "duration": 4842,
              "state": "passed",
              "speed": "slow",
              "pass": true,
              "fail": false,
              "pending": false,
              "context": null,
              "code": "cy.visit(\"http://webdriveruniversity.com/\");\ncy.get('#contact-us').invoke('removeAttr', 'target').click();\ncy.url().should('include', 'contactus');\ncy.go('back');\ncy.reload();\ncy.url().should('include', 'http://webdriveruniversity.com/'); //cy.reload(true) //reload without using cache\ncy.go('forward');\ncy.url().should('include', 'contactus');\ncy.go('back');\ncy.get('#login-portal').invoke('removeAttr', 'target').click();\ncy.url().should('include', 'Login-Portal');\ncy.go('back');\ncy.get('#to-do-list').invoke('removeAttr', 'target').click();\ncy.url().should('include', 'To-Do-List');\ncy.go('back');",
              "err": {},
              "uuid": "e4d6cb08-9894-443c-87aa-b77818dabad4",
              "parentUUID": "57685918-ea24-4db5-9189-e0a1d5d00df1",
              "isHook": false,
              "skipped": false
            }
          ],
          "suites": [],
          "passes": [
            "e4d6cb08-9894-443c-87aa-b77818dabad4"
          ],
          "failures": [],
          "pending": [],
          "skipped": [],
          "duration": 4842,
          "root": false,
          "rootEmpty": false,
          "_timeout": 2000
        }
      ],
      "passes": [],
      "failures": [],
      "pending": [],
      "skipped": [],
      "duration": 0,
      "root": true,
      "rootEmpty": true,
      "_timeout": 2000
    },
    {
      "uuid": "9120a625-da91-486c-8d44-d09b07c5212e",
      "title": "",
      "fullFile": "cypress\\integration\\webdriver-uni\\checkboxes.js",
      "file": "cypress\\integration\\webdriver-uni\\checkboxes.js",
      "beforeHooks": [],
      "afterHooks": [],
      "tests": [],
      "suites": [
        {
          "uuid": "33d87f26-d537-4497-840d-3ee44b725797",
          "title": "Verifying chechboxes via webdriveruni",
          "fullFile": "",
          "file": "",
          "beforeHooks": [],
          "afterHooks": [],
          "tests": [
            {
              "title": "Check and validate checkbox",
              "fullTitle": "Verifying chechboxes via webdriveruni Check and validate checkbox",
              "timedOut": null,
              "duration": 1887,
              "state": "passed",
              "speed": "slow",
              "pass": true,
              "fail": false,
              "pending": false,
              "context": null,
              "code": "//cy.get('#checkboxes > :nth-child(1) > input').check()\n//cy.get('#checkboxes > :nth-child(1) > input').check().should('be.checked')\ncy.get('#checkboxes > :nth-child(1) > input').as('option-1');\ncy.get('@option-1').check();\ncy.get('@option-1').check().should('be.checked');",
              "err": {},
              "uuid": "628ebdbc-b0f3-44ba-87a0-00ac88ad3203",
              "parentUUID": "33d87f26-d537-4497-840d-3ee44b725797",
              "isHook": false,
              "skipped": false
            },
            {
              "title": "Check and validate checkbox",
              "fullTitle": "Verifying chechboxes via webdriveruni Check and validate checkbox",
              "timedOut": null,
              "duration": 189,
              "state": "passed",
              "speed": "slow",
              "pass": true,
              "fail": false,
              "pending": false,
              "context": null,
              "code": "cy.get(':nth-child(5) > input').uncheck().should('not.be.checked');",
              "err": {},
              "uuid": "86aeb981-47ce-4013-83df-3bee17bf4ff6",
              "parentUUID": "33d87f26-d537-4497-840d-3ee44b725797",
              "isHook": false,
              "skipped": false
            },
            {
              "title": "Check multiple checkboxes",
              "fullTitle": "Verifying chechboxes via webdriveruni Check multiple checkboxes",
              "timedOut": null,
              "duration": 349,
              "state": "passed",
              "speed": "slow",
              "pass": true,
              "fail": false,
              "pending": false,
              "context": null,
              "code": "cy.get('input[type=\"checkbox\"]').check(['option-1', 'option-2', 'option-3', 'option-4']).should('be.checked');",
              "err": {},
              "uuid": "a3c58c66-5092-4c84-b4de-407896da7fff",
              "parentUUID": "33d87f26-d537-4497-840d-3ee44b725797",
              "isHook": false,
              "skipped": false
            }
          ],
          "suites": [],
          "passes": [
            "628ebdbc-b0f3-44ba-87a0-00ac88ad3203",
            "86aeb981-47ce-4013-83df-3bee17bf4ff6",
            "a3c58c66-5092-4c84-b4de-407896da7fff"
          ],
          "failures": [],
          "pending": [],
          "skipped": [],
          "duration": 2425,
          "root": false,
          "rootEmpty": false,
          "_timeout": 2000
        }
      ],
      "passes": [],
      "failures": [],
      "pending": [],
      "skipped": [],
      "duration": 0,
      "root": true,
      "rootEmpty": true,
      "_timeout": 2000
    },
    {
      "uuid": "1a816236-67ea-4424-8dab-3ce09799652c",
      "title": "",
      "fullFile": "cypress\\integration\\webdriver-uni\\contact-us.js",
      "file": "cypress\\integration\\webdriver-uni\\contact-us.js",
      "beforeHooks": [],
      "afterHooks": [],
      "tests": [],
      "suites": [
        {
          "uuid": "75072178-ab27-400b-9f90-495c7f48ea8e",
          "title": "Test Contact Us form via WebdriverUniversity.com",
          "fullFile": "",
          "file": "",
          "beforeHooks": [],
          "afterHooks": [],
          "tests": [
            {
              "title": "Should be able to submit a successful subbmission via contact us form",
              "fullTitle": "Test Contact Us form via WebdriverUniversity.com Should be able to submit a successful subbmission via contact us form",
              "timedOut": null,
              "duration": 7766,
              "state": "passed",
              "speed": "slow",
              "pass": true,
              "fail": false,
              "pending": false,
              "context": null,
              "code": "cy.document().should('have.property', 'charset').and('eq', 'UTF-8');\ncy.document().should('have.property', 'charset', 'UTF-8');\ncy.title().should('include', 'WebDriver | Contact Us');\ncy.url().should('include', 'contactus');\ncontact_Us_PO.contactForm_Submission(Cypress.env(\"first_name\"), this.data.last_name, this.data.email, \"Lecimy nie śpimy\", 'h1', 'Thank You for your Message!');",
              "err": {},
              "uuid": "05d9d249-aa67-4e46-84de-75784742e9cb",
              "parentUUID": "75072178-ab27-400b-9f90-495c7f48ea8e",
              "isHook": false,
              "skipped": false
            },
            {
              "title": "Should not be able to submit a successful subbmission via contact us form as all fields are required",
              "fullTitle": "Test Contact Us form via WebdriverUniversity.com Should not be able to submit a successful subbmission via contact us form as all fields are required",
              "timedOut": null,
              "duration": 5990,
              "state": "passed",
              "speed": "slow",
              "pass": true,
              "fail": false,
              "pending": false,
              "context": null,
              "code": "contact_Us_PO.contactForm_Submission(this.data.first_name, this.data.last_name, \" \", \"Lecimy nie śpimy\", 'body', 'Error: Invalid email address');",
              "err": {},
              "uuid": "6be895ef-29a6-40ef-b220-dec835084738",
              "parentUUID": "75072178-ab27-400b-9f90-495c7f48ea8e",
              "isHook": false,
              "skipped": false
            }
          ],
          "suites": [],
          "passes": [
            "05d9d249-aa67-4e46-84de-75784742e9cb",
            "6be895ef-29a6-40ef-b220-dec835084738"
          ],
          "failures": [],
          "pending": [],
          "skipped": [],
          "duration": 13756,
          "root": false,
          "rootEmpty": false,
          "_timeout": 2000
        }
      ],
      "passes": [],
      "failures": [],
      "pending": [],
      "skipped": [],
      "duration": 0,
      "root": true,
      "rootEmpty": true,
      "_timeout": 2000
    },
    {
      "uuid": "c4bcacc9-3ea7-46b2-af9e-39ce995868f8",
      "title": "",
      "fullFile": "cypress\\integration\\webdriver-uni\\data-tables.js",
      "file": "cypress\\integration\\webdriver-uni\\data-tables.js",
      "beforeHooks": [],
      "afterHooks": [],
      "tests": [],
      "suites": [
        {
          "uuid": "db28220f-d8f8-4bdc-ae45-e7859ed72402",
          "title": "Handling data via webdriveruni",
          "fullFile": "",
          "file": "",
          "beforeHooks": [],
          "afterHooks": [],
          "tests": [
            {
              "title": "Calculate and assert the total age of all users",
              "fullTitle": "Handling data via webdriveruni Calculate and assert the total age of all users",
              "timedOut": null,
              "duration": 3034,
              "state": "passed",
              "speed": "slow",
              "pass": true,
              "fail": false,
              "pending": false,
              "context": null,
              "code": "var userDetails = [];\nvar numb = 0;\ncy.get('#thumbnail-1 td').each(function ($el, index, $list) {\n  userDetails[index] = $el.text();\n}).then(function () {\n  var i;\n  for (i = 0; i < userDetails.length; i++) {\n    if (Number(userDetails[i])) {\n      numb += Number(userDetails[i]);\n    }\n  }\n  cy.log(\"Found total age: \" + numb);\n  expect(numb).to.eq(322);\n});",
              "err": {},
              "uuid": "12f8e12b-bf82-4edb-9a0d-a5501a956e52",
              "parentUUID": "db28220f-d8f8-4bdc-ae45-e7859ed72402",
              "isHook": false,
              "skipped": false
            },
            {
              "title": "Calculate and assert the age of a given user based on last name",
              "fullTitle": "Handling data via webdriveruni Calculate and assert the age of a given user based on last name",
              "timedOut": null,
              "duration": 453,
              "state": "passed",
              "speed": "slow",
              "pass": true,
              "fail": false,
              "pending": false,
              "context": null,
              "code": "cy.get('#thumbnail-1 tr td:nth-child(2)').each(function ($el, index, $list) {\n  var text = $el.text();\n  if (text.includes(\"Woods\")) {\n    cy.get('#thumbnail-1 tr td:nth-child(2)').eq(index).next().then(function (age) {\n      var userAge = age.text();\n      expect(userAge).to.eq('80');\n    });\n  }\n});",
              "err": {},
              "uuid": "9a6abd70-3bbd-4de6-9657-ac76087fc7c4",
              "parentUUID": "db28220f-d8f8-4bdc-ae45-e7859ed72402",
              "isHook": false,
              "skipped": false
            },
            {
              "title": "Calculate and assert the total age of all users",
              "fullTitle": "Handling data via webdriveruni Calculate and assert the total age of all users",
              "timedOut": null,
              "duration": 380,
              "state": "passed",
              "speed": "slow",
              "pass": true,
              "fail": false,
              "pending": false,
              "context": null,
              "code": "var ageSum = 0;\ncy.get('#thumbnail-1 td:nth-child(3)').each(function ($el, index, $list) {\n  ageSum = Number(ageSum) + Number($el.text());\n}).then(function () {\n  cy.log(\"Found total age: \" + ageSum);\n  expect(ageSum).to.eq(322);\n});",
              "err": {},
              "uuid": "bfe74eeb-9a6b-44c7-aeab-1fa69a7d1efa",
              "parentUUID": "db28220f-d8f8-4bdc-ae45-e7859ed72402",
              "isHook": false,
              "skipped": false
            }
          ],
          "suites": [],
          "passes": [
            "12f8e12b-bf82-4edb-9a0d-a5501a956e52",
            "9a6abd70-3bbd-4de6-9657-ac76087fc7c4",
            "bfe74eeb-9a6b-44c7-aeab-1fa69a7d1efa"
          ],
          "failures": [],
          "pending": [],
          "skipped": [],
          "duration": 3867,
          "root": false,
          "rootEmpty": false,
          "_timeout": 2000
        }
      ],
      "passes": [],
      "failures": [],
      "pending": [],
      "skipped": [],
      "duration": 0,
      "root": true,
      "rootEmpty": true,
      "_timeout": 2000
    },
    {
      "uuid": "d7a4a0f0-41e2-4e77-86f2-2eb8abd67066",
      "title": "",
      "fullFile": "cypress\\integration\\webdriver-uni\\datepicker.js",
      "file": "cypress\\integration\\webdriver-uni\\datepicker.js",
      "beforeHooks": [],
      "afterHooks": [],
      "tests": [],
      "suites": [
        {
          "uuid": "5f460450-fa14-40af-a6cd-10f743b8aba1",
          "title": "Test Datepicker via webdriveruni",
          "fullFile": "",
          "file": "",
          "beforeHooks": [],
          "afterHooks": [],
          "tests": [
            {
              "title": "Select date from the datepicker",
              "fullTitle": "Test Datepicker via webdriveruni Select date from the datepicker",
              "timedOut": null,
              "duration": 1927,
              "state": "passed",
              "speed": "slow",
              "pass": true,
              "fail": false,
              "pending": false,
              "context": null,
              "code": "cy.visit(\"http://webdriveruniversity.com/\");\ncy.get('#datepicker').invoke('removeAttr', 'target').click();\ncy.get('#datepicker').click(); // let date = new Date()\n// date.setDate(date.getDate())\n// cy.log(date.getDate()) //Get current date\n// let date2 = new Date()\n// date2.setDate(date2.getDate() + 5)\n// cy.log(date2.getDate()) //Get current date + 5 days\nvar date = new Date();\ndate.setDate(date.getDate() + 15);\nvar futureYear = date.getFullYear();\nvar futureMonth = date.toLocaleString(\"en-CA\", {\n  month: \"long\"\n});\nvar futureDay = date.getDate();\ncy.log(\"Future year to select: \" + futureYear);\ncy.log(\"Future month to select: \" + futureMonth);\ncy.log(\"Future day to select: \" + futureDay);\nfunction selectMonthAndyear() {\n  cy.get('.datepicker-dropdown').find('.datepicker-switch').first().then(function (currentDate) {\n    if (!currentDate.text().includes(futureYear)) {\n      cy.get('.next').first().click();\n      selectMonthAndyear();\n    }\n  }).then(function () {\n    cy.get('.datepicker-dropdown').find('.datepicker-switch').first().then(function (currentDate) {\n      if (!currentDate.text().includes(futureMonth)) {\n        cy.get('.next').first().click();\n        selectMonthAndyear();\n      }\n    });\n  });\n}\nfunction selectFutureDay() {\n  cy.get('td[class=\"day\"]').contains(futureDay).click();\n}\nselectMonthAndyear();\nselectFutureDay();",
              "err": {},
              "uuid": "37624c91-9d0c-48a7-9960-f49ae9bc9683",
              "parentUUID": "5f460450-fa14-40af-a6cd-10f743b8aba1",
              "isHook": false,
              "skipped": false
            }
          ],
          "suites": [],
          "passes": [
            "37624c91-9d0c-48a7-9960-f49ae9bc9683"
          ],
          "failures": [],
          "pending": [],
          "skipped": [],
          "duration": 1927,
          "root": false,
          "rootEmpty": false,
          "_timeout": 2000
        }
      ],
      "passes": [],
      "failures": [],
      "pending": [],
      "skipped": [],
      "duration": 0,
      "root": true,
      "rootEmpty": true,
      "_timeout": 2000
    },
    {
      "uuid": "cdb0a65c-a3b9-4915-9616-3a1ab81e558b",
      "title": "",
      "fullFile": "cypress\\integration\\webdriver-uni\\file-upload.js",
      "file": "cypress\\integration\\webdriver-uni\\file-upload.js",
      "beforeHooks": [],
      "afterHooks": [],
      "tests": [],
      "suites": [
        {
          "uuid": "031e71f4-3de3-4f84-b075-437958c5700a",
          "title": "Test file upload via webdriveruni",
          "fullFile": "",
          "file": "",
          "beforeHooks": [],
          "afterHooks": [],
          "tests": [
            {
              "title": "Upload a file...",
              "fullTitle": "Test file upload via webdriveruni Upload a file...",
              "timedOut": null,
              "duration": 2692,
              "state": "passed",
              "speed": "slow",
              "pass": true,
              "fail": false,
              "pending": false,
              "context": null,
              "code": "cy.visit(\"http://webdriveruniversity.com/\");\ncy.get('#file-upload').invoke('removeAttr', 'target').click();\ncy.fixture(\"200iq-png.png\", \"base64\").then(function (fileContent) {\n  cy.get('#myFile').attachFile({\n    fileContent: fileContent,\n    fileName: \"200iq-png.png\",\n    mimeType: \"image/png\"\n  }, {\n    uploadType: \"input\"\n  });\n});\ncy.get('#submit-button').click();",
              "err": {},
              "uuid": "b492331e-d764-42d6-9fc9-bf8099c88f8f",
              "parentUUID": "031e71f4-3de3-4f84-b075-437958c5700a",
              "isHook": false,
              "skipped": false
            },
            {
              "title": "Upload no file",
              "fullTitle": "Test file upload via webdriveruni Upload no file",
              "timedOut": null,
              "duration": 492,
              "state": "passed",
              "speed": "slow",
              "pass": true,
              "fail": false,
              "pending": false,
              "context": null,
              "code": "cy.visit(\"http://webdriveruniversity.com/\");\ncy.get('#file-upload').invoke('removeAttr', 'target').click();\ncy.get('#submit-button').click();",
              "err": {},
              "uuid": "e7138707-cf2f-45c9-b077-254bf9597e67",
              "parentUUID": "031e71f4-3de3-4f84-b075-437958c5700a",
              "isHook": false,
              "skipped": false
            }
          ],
          "suites": [],
          "passes": [
            "b492331e-d764-42d6-9fc9-bf8099c88f8f",
            "e7138707-cf2f-45c9-b077-254bf9597e67"
          ],
          "failures": [],
          "pending": [],
          "skipped": [],
          "duration": 3184,
          "root": false,
          "rootEmpty": false,
          "_timeout": 2000
        }
      ],
      "passes": [],
      "failures": [],
      "pending": [],
      "skipped": [],
      "duration": 0,
      "root": true,
      "rootEmpty": true,
      "_timeout": 2000
    },
    {
      "uuid": "8666f57e-8598-4ce3-ad34-a5fb07f4d713",
      "title": "",
      "fullFile": "cypress\\integration\\webdriver-uni\\iframe.js",
      "file": "cypress\\integration\\webdriver-uni\\iframe.js",
      "beforeHooks": [],
      "afterHooks": [],
      "tests": [],
      "suites": [
        {
          "uuid": "761fab88-ea8a-4fd2-91dd-2d2b2bf6821b",
          "title": "Handling IFrame and Modals",
          "fullFile": "",
          "file": "",
          "beforeHooks": [],
          "afterHooks": [],
          "tests": [
            {
              "title": "Handle webdriveruni IFrame and Modals",
              "fullTitle": "Handling IFrame and Modals Handle webdriveruni IFrame and Modals",
              "timedOut": null,
              "duration": 3305,
              "state": "passed",
              "speed": "slow",
              "pass": true,
              "fail": false,
              "pending": false,
              "context": null,
              "code": "cy.visit(\"http://webdriveruniversity.com/\");\ncy.get('#iframe').invoke('removeAttr', 'target').click();\ncy.get('#frame').then(function ($iframe) {\n  var body = $iframe.contents().find('body');\n  cy.wrap(body).as('iframe');\n});\ncy.get('@iframe').find('#button-find-out-more').click();\ncy.get('@iframe').find('#myModal').as('modal');\ncy.get('@modal').should(function ($expectedTest) {\n  var text = $expectedTest.text();\n  expect(text).to.include('Welcome to webdriveruniversity.com we sell a wide range of electrical goods such as laptops, game consoles, cameras...');\n});\ncy.get('@modal').contains('Close').click();",
              "err": {},
              "uuid": "5ba916c1-020f-42bd-af5d-ec5868f82929",
              "parentUUID": "761fab88-ea8a-4fd2-91dd-2d2b2bf6821b",
              "isHook": false,
              "skipped": false
            }
          ],
          "suites": [],
          "passes": [
            "5ba916c1-020f-42bd-af5d-ec5868f82929"
          ],
          "failures": [],
          "pending": [],
          "skipped": [],
          "duration": 3305,
          "root": false,
          "rootEmpty": false,
          "_timeout": 2000
        }
      ],
      "passes": [],
      "failures": [],
      "pending": [],
      "skipped": [],
      "duration": 0,
      "root": true,
      "rootEmpty": true,
      "_timeout": 2000
    },
    {
      "uuid": "0d7feaa0-f2df-40ae-97b8-bce0eba6e76c",
      "title": "",
      "fullFile": "cypress\\integration\\webdriver-uni\\js-alerts.js",
      "file": "cypress\\integration\\webdriver-uni\\js-alerts.js",
      "beforeHooks": [],
      "afterHooks": [],
      "tests": [],
      "suites": [
        {
          "uuid": "819d3bdb-02cd-4fbe-87d8-3a0244f52cc7",
          "title": "Handle js alerts",
          "fullFile": "",
          "file": "",
          "beforeHooks": [],
          "afterHooks": [],
          "tests": [
            {
              "title": "Validate javascript confirm alert box using a stub",
              "fullTitle": "Handle js alerts Validate javascript confirm alert box using a stub",
              "timedOut": null,
              "duration": 2526,
              "state": "passed",
              "speed": "slow",
              "pass": true,
              "fail": false,
              "pending": false,
              "context": null,
              "code": "cy.visit(\"http://webdriveruniversity.com/\");\ncy.get('#popup-alerts').invoke('removeAttr', 'target').click();\nvar stub = cy.stub();\ncy.on('window:confirm', stub);\ncy.get('#button4').click().then(function () {\n  expect(stub.getCall(0)).to.be.calledWith('Press a button!');\n}).then(function () {\n  return true;\n}).then(function () {\n  cy.get('#confirm-alert-text').contains('You pressed OK!');\n});",
              "err": {},
              "uuid": "ce86e17e-9e6b-4e22-ab5b-2b21efc4fb06",
              "parentUUID": "819d3bdb-02cd-4fbe-87d8-3a0244f52cc7",
              "isHook": false,
              "skipped": false
            }
          ],
          "suites": [],
          "passes": [
            "ce86e17e-9e6b-4e22-ab5b-2b21efc4fb06"
          ],
          "failures": [],
          "pending": [],
          "skipped": [],
          "duration": 2526,
          "root": false,
          "rootEmpty": false,
          "_timeout": 2000
        }
      ],
      "passes": [],
      "failures": [],
      "pending": [],
      "skipped": [],
      "duration": 0,
      "root": true,
      "rootEmpty": true,
      "_timeout": 2000
    },
    {
      "uuid": "47582906-214d-4ac6-839a-04ac51302722",
      "title": "",
      "fullFile": "cypress\\integration\\webdriver-uni\\mouse-actions.js",
      "file": "cypress\\integration\\webdriver-uni\\mouse-actions.js",
      "beforeHooks": [],
      "afterHooks": [],
      "tests": [],
      "suites": [
        {
          "uuid": "359a8e13-5d2c-42e2-a5e0-7081d613f9ab",
          "title": "Test mouse actions",
          "fullFile": "",
          "file": "",
          "beforeHooks": [],
          "afterHooks": [],
          "tests": [
            {
              "title": "Scroll element into view",
              "fullTitle": "Test mouse actions Scroll element into view",
              "timedOut": null,
              "duration": 2581,
              "state": "passed",
              "speed": "slow",
              "pass": true,
              "fail": false,
              "pending": false,
              "context": null,
              "code": "cy.visit(\"http://webdriveruniversity.com/\");\ncy.get('#actions').scrollIntoView().invoke('removeAttr', 'target').click();",
              "err": {},
              "uuid": "ada8f9b0-bed0-44ab-9625-6996a6bbe702",
              "parentUUID": "359a8e13-5d2c-42e2-a5e0-7081d613f9ab",
              "isHook": false,
              "skipped": false
            },
            {
              "title": "I should be able to drag and drop a draggable item",
              "fullTitle": "Test mouse actions I should be able to drag and drop a draggable item",
              "timedOut": null,
              "duration": 471,
              "state": "passed",
              "speed": "slow",
              "pass": true,
              "fail": false,
              "pending": false,
              "context": null,
              "code": "cy.visit(\"http://webdriveruniversity.com/\");\ncy.get('#actions').scrollIntoView().invoke('removeAttr', 'target').click();\ncy.get('#draggable').trigger('mousedown', {\n  which: 1\n});\ncy.get('#droppable').trigger('mousemove').trigger('mouseup', {\n  force: true\n});",
              "err": {},
              "uuid": "c15a2e94-cfd3-4ad6-a4b5-748a8c7758bb",
              "parentUUID": "359a8e13-5d2c-42e2-a5e0-7081d613f9ab",
              "isHook": false,
              "skipped": false
            },
            {
              "title": "I should be able to perform a double mouse click",
              "fullTitle": "Test mouse actions I should be able to perform a double mouse click",
              "timedOut": null,
              "duration": 644,
              "state": "passed",
              "speed": "slow",
              "pass": true,
              "fail": false,
              "pending": false,
              "context": null,
              "code": "cy.visit(\"http://webdriveruniversity.com/\");\ncy.get('#actions').scrollIntoView().invoke('removeAttr', 'target').click();\ncy.get('#double-click').dblclick();",
              "err": {},
              "uuid": "430043fa-40f3-49de-a9d6-f9b54e3c14c6",
              "parentUUID": "359a8e13-5d2c-42e2-a5e0-7081d613f9ab",
              "isHook": false,
              "skipped": false
            },
            {
              "title": "I should be able to hold down the left mouse click button on a given element",
              "fullTitle": "Test mouse actions I should be able to hold down the left mouse click button on a given element",
              "timedOut": null,
              "duration": 556,
              "state": "passed",
              "speed": "slow",
              "pass": true,
              "fail": false,
              "pending": false,
              "context": null,
              "code": "cy.visit(\"http://webdriveruniversity.com/\");\ncy.get('#actions').scrollIntoView().invoke('removeAttr', 'target').click();\ncy.get('#click-box').trigger('mousedown', {\n  which: 1\n}).then(function ($element) {\n  expect($element).to.have.css('background-color', 'rgb(0, 255, 0)');\n});",
              "err": {},
              "uuid": "b264f2d3-d112-42e9-ac83-48202e68f100",
              "parentUUID": "359a8e13-5d2c-42e2-a5e0-7081d613f9ab",
              "isHook": false,
              "skipped": false
            }
          ],
          "suites": [],
          "passes": [
            "ada8f9b0-bed0-44ab-9625-6996a6bbe702",
            "c15a2e94-cfd3-4ad6-a4b5-748a8c7758bb",
            "430043fa-40f3-49de-a9d6-f9b54e3c14c6",
            "b264f2d3-d112-42e9-ac83-48202e68f100"
          ],
          "failures": [],
          "pending": [],
          "skipped": [],
          "duration": 4252,
          "root": false,
          "rootEmpty": false,
          "_timeout": 2000
        }
      ],
      "passes": [],
      "failures": [],
      "pending": [],
      "skipped": [],
      "duration": 0,
      "root": true,
      "rootEmpty": true,
      "_timeout": 2000
    },
    {
      "uuid": "f304cedb-bb66-4ba3-a457-ab67512c2cc9",
      "title": "",
      "fullFile": "cypress\\integration\\webdriver-uni\\radio-buttons.js",
      "file": "cypress\\integration\\webdriver-uni\\radio-buttons.js",
      "beforeHooks": [],
      "afterHooks": [],
      "tests": [],
      "suites": [
        {
          "uuid": "564276ff-dadf-4d4a-ba74-468ac5bbc091",
          "title": "Veryfying radio buttons via webdriveruni",
          "fullFile": "",
          "file": "",
          "beforeHooks": [],
          "afterHooks": [],
          "tests": [
            {
              "title": "Check specific radio buttons",
              "fullTitle": "Veryfying radio buttons via webdriveruni Check specific radio buttons",
              "timedOut": null,
              "duration": 2384,
              "state": "passed",
              "speed": "slow",
              "pass": true,
              "fail": false,
              "pending": false,
              "context": null,
              "code": "cy.get('#radio-buttons').find(\"input[type='radio']\").first().check();\ncy.get('#radio-buttons').find(\"input[type='radio']\").eq(1).check();",
              "err": {},
              "uuid": "76aa98a8-4594-47ef-8358-3d077e8cc3b6",
              "parentUUID": "564276ff-dadf-4d4a-ba74-468ac5bbc091",
              "isHook": false,
              "skipped": false
            },
            {
              "title": "Validate the states of specific radio buttons",
              "fullTitle": "Veryfying radio buttons via webdriveruni Validate the states of specific radio buttons",
              "timedOut": null,
              "duration": 117,
              "state": "passed",
              "speed": "slow",
              "pass": true,
              "fail": false,
              "pending": false,
              "context": null,
              "code": "cy.get(\"input[value='lettuce']\").should('not.be.checked');\ncy.get(\"input[value='pumpkin']\").should('be.checked');\ncy.get(\"input[value='cabbage']\").should('be.disabled');\ncy.get(\"input[value='lettuce']\").check();\ncy.get(\"input[value='pumpkin']\").should('not.be.checked'); // input[value='lettuce']\n// input[value='cabbage']\n// input[value='pumpkin']",
              "err": {},
              "uuid": "e05ba121-f871-4105-bf6d-168dd4008d42",
              "parentUUID": "564276ff-dadf-4d4a-ba74-468ac5bbc091",
              "isHook": false,
              "skipped": false
            }
          ],
          "suites": [],
          "passes": [
            "76aa98a8-4594-47ef-8358-3d077e8cc3b6",
            "e05ba121-f871-4105-bf6d-168dd4008d42"
          ],
          "failures": [],
          "pending": [],
          "skipped": [],
          "duration": 2501,
          "root": false,
          "rootEmpty": false,
          "_timeout": 2000
        }
      ],
      "passes": [],
      "failures": [],
      "pending": [],
      "skipped": [],
      "duration": 0,
      "root": true,
      "rootEmpty": true,
      "_timeout": 2000
    },
    {
      "uuid": "44250d30-7e7c-4e57-b7e4-36a61d0fb025",
      "title": "",
      "fullFile": "cypress\\integration\\webdriver-uni\\select-dropdown-list.js",
      "file": "cypress\\integration\\webdriver-uni\\select-dropdown-list.js",
      "beforeHooks": [],
      "afterHooks": [],
      "tests": [],
      "suites": [
        {
          "uuid": "0acab489-3238-4b6d-abbc-b88fa89d4a70",
          "title": "Interact with dropdown lists via webdriveruni",
          "fullFile": "",
          "file": "",
          "beforeHooks": [],
          "afterHooks": [],
          "tests": [
            {
              "title": "Select specific values via select dropdown lists",
              "fullTitle": "Interact with dropdown lists via webdriveruni Select specific values via select dropdown lists",
              "timedOut": null,
              "duration": 2808,
              "state": "passed",
              "speed": "slow",
              "pass": true,
              "fail": false,
              "pending": false,
              "context": null,
              "code": "cy.visit(\"http://webdriveruniversity.com/\");\ncy.get('#dropdown-checkboxes-radiobuttons').invoke('removeAttr', 'target').click();\ncy.get('#dropdowm-menu-1').select('c#');\ncy.get('#dropdowm-menu-2').select('testng').should('have.value', 'testng');\ncy.get('#dropdowm-menu-3').select('jquery').contains('JQuery');\ncy.get('#dropdowm-menu-2').select('maven').should('have.value', 'maven');\ncy.get('#dropdowm-menu-2').select('TestNG').contains('TestNG');",
              "err": {},
              "uuid": "5dcaa083-fbcc-424a-af43-2ebd2be65e35",
              "parentUUID": "0acab489-3238-4b6d-abbc-b88fa89d4a70",
              "isHook": false,
              "skipped": false
            }
          ],
          "suites": [],
          "passes": [
            "5dcaa083-fbcc-424a-af43-2ebd2be65e35"
          ],
          "failures": [],
          "pending": [],
          "skipped": [],
          "duration": 2808,
          "root": false,
          "rootEmpty": false,
          "_timeout": 2000
        }
      ],
      "passes": [],
      "failures": [],
      "pending": [],
      "skipped": [],
      "duration": 0,
      "root": true,
      "rootEmpty": true,
      "_timeout": 2000
    },
    {
      "uuid": "113454c4-02fe-4eba-a8f7-0b8b4c083263",
      "title": "",
      "fullFile": "cypress\\integration\\webdriver-uni\\traversing-elements.js",
      "file": "cypress\\integration\\webdriver-uni\\traversing-elements.js",
      "beforeHooks": [],
      "afterHooks": [],
      "tests": [],
      "suites": [
        {
          "uuid": "e4f95747-c01d-4aa6-9b1c-3fff8ced2444",
          "title": "Traversing DOM elements in Cypress",
          "fullFile": "",
          "file": "",
          "beforeHooks": [],
          "afterHooks": [],
          "tests": [
            {
              "title": "children() to get the children of DOM elements",
              "fullTitle": "Traversing DOM elements in Cypress children() to get the children of DOM elements",
              "timedOut": null,
              "duration": 2252,
              "state": "passed",
              "speed": "slow",
              "pass": true,
              "fail": false,
              "pending": false,
              "context": null,
              "code": "cy.get('.breadcrumb.traversal-breadcrumb').children('.active').should('contain', 'Contact Us');",
              "err": {},
              "uuid": "a6fbdc15-e058-4f39-89ae-972ca2af8f77",
              "parentUUID": "e4f95747-c01d-4aa6-9b1c-3fff8ced2444",
              "isHook": false,
              "skipped": false
            },
            {
              "title": "closest() to validate the closest ancestor DOM element",
              "fullTitle": "Traversing DOM elements in Cypress closest() to validate the closest ancestor DOM element",
              "timedOut": null,
              "duration": 375,
              "state": "passed",
              "speed": "slow",
              "pass": true,
              "fail": false,
              "pending": false,
              "context": null,
              "code": "cy.get('.badge.traversal-badge').closest('ul').should('have.class', 'list-group');",
              "err": {},
              "uuid": "8f172dd6-44c9-4772-a17a-f3b8b92614f7",
              "parentUUID": "e4f95747-c01d-4aa6-9b1c-3fff8ced2444",
              "isHook": false,
              "skipped": false
            },
            {
              "title": "eq() to retrieve a specific element based on index",
              "fullTitle": "Traversing DOM elements in Cypress eq() to retrieve a specific element based on index",
              "timedOut": null,
              "duration": 386,
              "state": "passed",
              "speed": "slow",
              "pass": true,
              "fail": false,
              "pending": false,
              "context": null,
              "code": "cy.get('.traversal-drinks-list > *').eq(2).should('contain.text', 'Milk');\ncy.get('.traversal-drinks-list').find('li').eq(2).should('contain.text', 'Milk');",
              "err": {},
              "uuid": "c17809fd-c2ce-45a5-87cf-131e8adb6200",
              "parentUUID": "e4f95747-c01d-4aa6-9b1c-3fff8ced2444",
              "isHook": false,
              "skipped": false
            },
            {
              "title": "filter() to retrieve DOM elements that match a specific selector",
              "fullTitle": "Traversing DOM elements in Cypress filter() to retrieve DOM elements that match a specific selector",
              "timedOut": null,
              "duration": 394,
              "state": "passed",
              "speed": "slow",
              "pass": true,
              "fail": false,
              "pending": false,
              "context": null,
              "code": "cy.get('.btn-group.btn-group-toggle > *').filter('.active').should('contain', 'Button-1');\ncy.get('.btn-group.btn-group-toggle').find('button').filter('.active').should('contain', 'Button-1');",
              "err": {},
              "uuid": "00f7e62a-8a96-4f3a-9f63-ca52ecc0f8b4",
              "parentUUID": "e4f95747-c01d-4aa6-9b1c-3fff8ced2444",
              "isHook": false,
              "skipped": false
            },
            {
              "title": "find() to retrieve DOM elements of a given selector",
              "fullTitle": "Traversing DOM elements in Cypress find() to retrieve DOM elements of a given selector",
              "timedOut": null,
              "duration": 415,
              "state": "passed",
              "speed": "slow",
              "pass": true,
              "fail": false,
              "pending": false,
              "context": null,
              "code": "cy.get('.pagination.traversal-pagination').find('li').find('a').should('have.length', 7);",
              "err": {},
              "uuid": "2bdbf57e-a9ed-4b3f-8666-47ddff2cf338",
              "parentUUID": "e4f95747-c01d-4aa6-9b1c-3fff8ced2444",
              "isHook": false,
              "skipped": false
            },
            {
              "title": "first() to retrieve the first DOM element within elements ",
              "fullTitle": "Traversing DOM elements in Cypress first() to retrieve the first DOM element within elements ",
              "timedOut": null,
              "duration": 426,
              "state": "passed",
              "speed": "slow",
              "pass": true,
              "fail": false,
              "pending": false,
              "context": null,
              "code": "cy.get('.traversal-table > tbody > tr > td').first().should('have.text', 'Andy');\ncy.get('.table.table-light.traversal-table').find('td').first().should('have.text', 'Andy');",
              "err": {},
              "uuid": "6f0face5-5c7e-403c-a211-642e9779247f",
              "parentUUID": "e4f95747-c01d-4aa6-9b1c-3fff8ced2444",
              "isHook": false,
              "skipped": false
            },
            {
              "title": "last() to retrieve the last DOM element within elements",
              "fullTitle": "Traversing DOM elements in Cypress last() to retrieve the last DOM element within elements",
              "timedOut": null,
              "duration": 423,
              "state": "passed",
              "speed": "slow",
              "pass": true,
              "fail": false,
              "pending": false,
              "context": null,
              "code": "cy.get('.traversal-table > tbody > tr > td').last().should('have.text', 'Scott');\ncy.get('.table.table-light.traversal-table').find('td').last().should('have.text', 'Scott');",
              "err": {},
              "uuid": "892c9190-54e8-421a-9be6-d1e9d5d9df93",
              "parentUUID": "e4f95747-c01d-4aa6-9b1c-3fff8ced2444",
              "isHook": false,
              "skipped": false
            },
            {
              "title": "nextAll() to get all of the next sibling DOM elements within elements",
              "fullTitle": "Traversing DOM elements in Cypress nextAll() to get all of the next sibling DOM elements within elements",
              "timedOut": null,
              "duration": 401,
              "state": "passed",
              "speed": "slow",
              "pass": true,
              "fail": false,
              "pending": false,
              "context": null,
              "code": "cy.get('#tea').nextAll().should('have.length', 3);",
              "err": {},
              "uuid": "6e335820-2e77-4622-84b8-be4012fb31d3",
              "parentUUID": "e4f95747-c01d-4aa6-9b1c-3fff8ced2444",
              "isHook": false,
              "skipped": false
            },
            {
              "title": "nextUntil() to get all of the next sibling DOM elements within elements until another element",
              "fullTitle": "Traversing DOM elements in Cypress nextUntil() to get all of the next sibling DOM elements within elements until another element",
              "timedOut": null,
              "duration": 411,
              "state": "passed",
              "speed": "slow",
              "pass": true,
              "fail": false,
              "pending": false,
              "context": null,
              "code": "cy.get('#coffee').nextUntil('#sugar');",
              "err": {},
              "uuid": "5ca28cd8-c136-4d2f-a735-6491c34e0b55",
              "parentUUID": "e4f95747-c01d-4aa6-9b1c-3fff8ced2444",
              "isHook": false,
              "skipped": false
            },
            {
              "title": "not() to remove DOM element(s) from the set of elements",
              "fullTitle": "Traversing DOM elements in Cypress not() to remove DOM element(s) from the set of elements",
              "timedOut": null,
              "duration": 461,
              "state": "passed",
              "speed": "slow",
              "pass": true,
              "fail": false,
              "pending": false,
              "context": null,
              "code": "cy.get('.traversal-button-states > button').not('.disabled').should('not.have.class', 'disabled');",
              "err": {},
              "uuid": "e02a3159-382f-460f-a4ac-a7f4142e2bb9",
              "parentUUID": "e4f95747-c01d-4aa6-9b1c-3fff8ced2444",
              "isHook": false,
              "skipped": false
            },
            {
              "title": "parent() To get parent DOM element of elements",
              "fullTitle": "Traversing DOM elements in Cypress parent() To get parent DOM element of elements",
              "timedOut": null,
              "duration": 438,
              "state": "passed",
              "speed": "slow",
              "pass": true,
              "fail": false,
              "pending": false,
              "context": null,
              "code": "cy.get('.traversal-mark').parent().should('contain', 'Lorem ipsum dolor sit amet');",
              "err": {},
              "uuid": "d97a16c0-75a4-4d86-95ac-b8b2d45938c3",
              "parentUUID": "e4f95747-c01d-4aa6-9b1c-3fff8ced2444",
              "isHook": false,
              "skipped": false
            },
            {
              "title": "parents() to get parents DOM element of elements",
              "fullTitle": "Traversing DOM elements in Cypress parents() to get parents DOM element of elements",
              "timedOut": null,
              "duration": 424,
              "state": "passed",
              "speed": "slow",
              "pass": true,
              "fail": false,
              "pending": false,
              "context": null,
              "code": "cy.get('.traversal-cite').parents().should('match', 'blockquote');",
              "err": {},
              "uuid": "a31a072f-69d3-45e2-8290-6a9e88b69369",
              "parentUUID": "e4f95747-c01d-4aa6-9b1c-3fff8ced2444",
              "isHook": false,
              "skipped": false
            },
            {
              "title": "prev() to get the previous sibling DOM element within elements",
              "fullTitle": "Traversing DOM elements in Cypress prev() to get the previous sibling DOM element within elements",
              "timedOut": null,
              "duration": 398,
              "state": "passed",
              "speed": "slow",
              "pass": true,
              "fail": false,
              "pending": false,
              "context": null,
              "code": "cy.get('#sugar').prev().should('have.text', 'Espresso');\ncy.get('#sugar').prevAll().should('have.length', 4);",
              "err": {},
              "uuid": "db45bba2-ff82-4884-ab0c-668c23ccd1bb",
              "parentUUID": "e4f95747-c01d-4aa6-9b1c-3fff8ced2444",
              "isHook": false,
              "skipped": false
            },
            {
              "title": "prevAll() to get all previous sibling DOM elements within elements",
              "fullTitle": "Traversing DOM elements in Cypress prevAll() to get all previous sibling DOM elements within elements",
              "timedOut": null,
              "duration": 628,
              "state": "passed",
              "speed": "slow",
              "pass": true,
              "fail": false,
              "pending": false,
              "context": null,
              "code": "cy.get('.sales').prevAll().should('have.length', 2);",
              "err": {},
              "uuid": "32fea626-af6c-439b-9ce4-4b32e824c1bf",
              "parentUUID": "e4f95747-c01d-4aa6-9b1c-3fff8ced2444",
              "isHook": false,
              "skipped": false
            },
            {
              "title": "prevUntil() to get all previous sibling DOM elements within elements until other element",
              "fullTitle": "Traversing DOM elements in Cypress prevUntil() to get all previous sibling DOM elements within elements until other element",
              "timedOut": null,
              "duration": 370,
              "state": "passed",
              "speed": "slow",
              "pass": true,
              "fail": false,
              "pending": false,
              "context": null,
              "code": "cy.get('#veggie').prevUntil('#fruits').should('have.length', 5);",
              "err": {},
              "uuid": "9e00a8be-d3e6-4058-9e17-8955b477b5b9",
              "parentUUID": "e4f95747-c01d-4aa6-9b1c-3fff8ced2444",
              "isHook": false,
              "skipped": false
            },
            {
              "title": "siblings() To get all sibling DOM elements of elements",
              "fullTitle": "Traversing DOM elements in Cypress siblings() To get all sibling DOM elements of elements",
              "timedOut": null,
              "duration": 395,
              "state": "passed",
              "speed": "slow",
              "pass": true,
              "fail": false,
              "pending": false,
              "context": null,
              "code": "cy.get('.btn.btn-primary.active').siblings().should('have.length', 3);",
              "err": {},
              "uuid": "eccfb8a2-1ee8-4a7d-a94d-51cb52b201bd",
              "parentUUID": "e4f95747-c01d-4aa6-9b1c-3fff8ced2444",
              "isHook": false,
              "skipped": false
            }
          ],
          "suites": [],
          "passes": [
            "a6fbdc15-e058-4f39-89ae-972ca2af8f77",
            "8f172dd6-44c9-4772-a17a-f3b8b92614f7",
            "c17809fd-c2ce-45a5-87cf-131e8adb6200",
            "00f7e62a-8a96-4f3a-9f63-ca52ecc0f8b4",
            "2bdbf57e-a9ed-4b3f-8666-47ddff2cf338",
            "6f0face5-5c7e-403c-a211-642e9779247f",
            "892c9190-54e8-421a-9be6-d1e9d5d9df93",
            "6e335820-2e77-4622-84b8-be4012fb31d3",
            "5ca28cd8-c136-4d2f-a735-6491c34e0b55",
            "e02a3159-382f-460f-a4ac-a7f4142e2bb9",
            "d97a16c0-75a4-4d86-95ac-b8b2d45938c3",
            "a31a072f-69d3-45e2-8290-6a9e88b69369",
            "db45bba2-ff82-4884-ab0c-668c23ccd1bb",
            "32fea626-af6c-439b-9ce4-4b32e824c1bf",
            "9e00a8be-d3e6-4058-9e17-8955b477b5b9",
            "eccfb8a2-1ee8-4a7d-a94d-51cb52b201bd"
          ],
          "failures": [],
          "pending": [],
          "skipped": [],
          "duration": 8597,
          "root": false,
          "rootEmpty": false,
          "_timeout": 2000
        }
      ],
      "passes": [],
      "failures": [],
      "pending": [],
      "skipped": [],
      "duration": 0,
      "root": true,
      "rootEmpty": true,
      "_timeout": 2000
    },
    {
      "uuid": "96379668-306b-4c1b-9cfe-8012623bd889",
      "title": "",
      "fullFile": "cypress\\integration\\automation-test-store\\add-multiple-items-to-basket.js",
      "file": "cypress\\integration\\automation-test-store\\add-multiple-items-to-basket.js",
      "beforeHooks": [],
      "afterHooks": [],
      "tests": [],
      "suites": [
        {
          "uuid": "26eb0c9d-442a-43f1-af43-48423bf98a44",
          "title": "Add  multiple items to basket",
          "fullFile": "",
          "file": "",
          "beforeHooks": [],
          "afterHooks": [],
          "tests": [
            {
              "title": "Add specific items to basket",
              "fullTitle": "Add  multiple items to basket Add specific items to basket",
              "timedOut": null,
              "duration": 4306,
              "state": "passed",
              "speed": "slow",
              "pass": true,
              "fail": false,
              "pending": false,
              "context": null,
              "code": "autoStore_HairCare_PO.addHairCareProductsToBasket();",
              "err": {},
              "uuid": "99bfef00-74c3-417f-9db3-a1d2634b4687",
              "parentUUID": "26eb0c9d-442a-43f1-af43-48423bf98a44",
              "isHook": false,
              "skipped": false
            }
          ],
          "suites": [],
          "passes": [
            "99bfef00-74c3-417f-9db3-a1d2634b4687"
          ],
          "failures": [],
          "pending": [],
          "skipped": [],
          "duration": 4306,
          "root": false,
          "rootEmpty": false,
          "_timeout": 2000
        }
      ],
      "passes": [],
      "failures": [],
      "pending": [],
      "skipped": [],
      "duration": 0,
      "root": true,
      "rootEmpty": true,
      "_timeout": 2000
    }
  ],
  "meta": {
    "mocha": {
      "version": "7.0.1"
    },
    "mochawesome": {
      "options": {
        "quiet": false,
        "reportFilename": "mochawesome",
        "saveHtml": false,
        "saveJson": true,
        "consoleReporter": "spec",
        "useInlineDiffs": false,
        "code": true
      },
      "version": "6.1.1"
    },
    "marge": {
      "options": {
        "id": "default",
        "reportDir": "cypress/results/mochawesome",
        "quite": true,
        "overwrite": false,
        "html": false,
        "json": true
      },
      "version": "5.1.0"
    }
  }
}